2025-10-15 09:37:45 [INFO] Numero di righe da elaborare: 10
2025-10-15 09:37:46 [WARNING] Attenzione: Il numero di componenti fornito (4) non corrisponde a quello effettivo (4). Codice Bonus: 202501242645758 | Codice Fiscale: MLCCLD90E13F206C
2025-10-15 09:37:46 [INFO] Elaborazione completata senza errori.
2025-10-15 10:00:21 [INFO] Numero di righe da elaborare: 7
2025-10-15 10:00:21 [WARNING] Attenzione: Il numero di componenti fornito (2) non corrisponde a quello effettivo (2). Codice Bonus: 202507275815393 | Codice Fiscale: CRNDNL00T31I199C
2025-10-15 10:00:21 [WARNING] Attenzione: Il numero di componenti fornito (2) non corrisponde a quello effettivo (2). Codice Bonus: 202507275802758 | Codice Fiscale: RBNNLC99R41I199Y
2025-10-15 10:00:21 [INFO] Elaborazione completata senza errori.
2026-06-01 10:44:29 [INFO] Numero di righe da elaborare: 4
2026-06-01 10:44:29 [INFO] Elaborazione completata senza errori.
2026-06-01 10:47:53 [INFO] Numero di righe da elaborare: 3
2026-06-01 10:47:53 [WARNING] Attenzione: Il numero di componenti fornito (3) non corrisponde a quello effettivo (3). Codice Bonus: 202509286212235 | Codice Fiscale: DSLGPP46T51F251Y
2026-06-01 10:47:53 [INFO] Elaborazione completata senza errori.
2026-06-01 11:28:51 [INFO] Numero di righe da elaborare: 3
2026-06-01 11:28:52 [INFO] Elaborazione completata senza errori.
2026-06-03 09:41:09 [INFO] Numero di righe da elaborare: 270
2026-06-03 09:41:09 [WARNING] Attenzione: Il numero di componenti fornito (2) non corrisponde a quello effettivo (2). Codice Bonus: 202512304097692 | Codice Fiscale: TVLMNL89C71F158V
2026-06-03 09:41:10 [WARNING] Attenzione: Il numero di componenti fornito (4) non corrisponde a quello effettivo (4). Codice Bonus: 202512304448947 | Codice Fiscale: CCUNMR72A41F112C
2026-06-03 09:41:10 [WARNING] Attenzione: Il numero di componenti fornito (2) non corrisponde a quello effettivo (2). Codice Bonus: 202512304314144 | Codice Fiscale: FRNRMR94R71I199Y
2026-06-03 09:41:10 [WARNING] Attenzione: Il numero di componenti fornito (2) non corrisponde a quello effettivo (2). Codice Bonus: 202512304316953 | Codice Fiscale: LPDNZT49C60I199T
2026-06-03 09:41:10 [WARNING] Attenzione: Il numero di componenti fornito (1) non corrisponde a quello effettivo (1). Codice Bonus: 202512304058091 | Codice Fiscale: VTLGLI99R53F158A
2026-06-03 09:41:10 [WARNING] Attenzione: Il numero di componenti fornito (2) non corrisponde a quello effettivo (2). Codice Bonus: 202512304050289 | Codice Fiscale: CVLGNN51E21H982F
2026-06-03 09:41:10 [WARNING] Attenzione: Il numero di componenti fornito (1) non corrisponde a quello effettivo (1). Codice Bonus: 202512304141695 | Codice Fiscale: GMMSFO03D65I199C
2026-06-03 09:41:10 [WARNING] Attenzione: Il numero di componenti fornito (2) non corrisponde a quello effettivo (2). Codice Bonus: 202512304285104 | Codice Fiscale: LBBNCT68T66H982L
2026-06-03 09:41:10 [WARNING] Attenzione: Il numero di componenti fornito (2) non corrisponde a quello effettivo (2). Codice Bonus: 202512303918617 | Codice Fiscale: RSCRNI92C51Z129B
2026-06-03 09:41:11 [WARNING] Attenzione: Il numero di componenti fornito (1) non corrisponde a quello effettivo (1). Codice Bonus: 202512304110782 | Codice Fiscale: LSPFNC63D07L840Z
2026-06-03 09:41:11 [WARNING] Attenzione: Il numero di componenti fornito (2) non corrisponde a quello effettivo (2). Codice Bonus: 202512304336267 | Codice Fiscale: PRTNGL69E01B666N
2026-06-03 09:41:11 [WARNING] Attenzione: Il numero di componenti fornito (3) non corrisponde a quello effettivo (3). Codice Bonus: 202512303924814 | Codice Fiscale: MZZNNN70A52B695W
2026-06-03 09:41:11 [WARNING] Attenzione: Il numero di componenti fornito (2) non corrisponde a quello effettivo (2). Codice Bonus: 202512304048276 | Codice Fiscale: PRTWTR92H25G273L
2026-06-03 09:41:12 [WARNING] Attenzione: Il numero di componenti fornito (3) non corrisponde a quello effettivo (3). Codice Bonus: 202512304002511 | Codice Fiscale: HRDVTR85D59Z144G
2026-06-03 09:41:12 [WARNING] Attenzione: Il numero di componenti fornito (3) non corrisponde a quello effettivo (3). Codice Bonus: 202512304279919 | Codice Fiscale: GNLCML75C46I199R
2026-06-03 09:41:12 [WARNING] Attenzione: Il numero di componenti fornito (1) non corrisponde a quello effettivo (1). Codice Bonus: 202512304095467 | Codice Fiscale: LSANNN56B21G377X
2026-06-03 09:41:12 [WARNING] Attenzione: Il numero di componenti fornito (2) non corrisponde a quello effettivo (2). Codice Bonus: 202512304217796 | Codice Fiscale: RMNJSC93L68Z600B
2026-06-03 09:41:12 [WARNING] Attenzione: Il numero di componenti fornito (4) non corrisponde a quello effettivo (4). Codice Bonus: 202512304150044 | Codice Fiscale: SCLMCL67M26I199L
2026-06-03 09:41:12 [WARNING] Attenzione: Il numero di componenti fornito (1) non corrisponde a quello effettivo (1). Codice Bonus: 202512304106269 | Codice Fiscale: DSTCCT71D54B804D
2026-06-03 09:41:12 [WARNING] Attenzione: Il numero di componenti fornito (2) non corrisponde a quello effettivo (2). Codice Bonus: 202512304447493 | Codice Fiscale: SMNTSN71S65I199T
2026-06-03 09:41:13 [WARNING] Attenzione: Il numero di componenti fornito (1) non corrisponde a quello effettivo (1). Codice Bonus: 202512304428624 | Codice Fiscale: SPNFRC84L03I199E
2026-06-03 09:41:13 [WARNING] Attenzione: Il numero di componenti fornito (2) non corrisponde a quello effettivo (2). Codice Bonus: 202512304316904 | Codice Fiscale: NSANGL73L46I199D
2026-06-03 09:41:13 [WARNING] Attenzione: Il numero di componenti fornito (6) non corrisponde a quello effettivo (6). Codice Bonus: 202512304392628 | Codice Fiscale: DBRNTN80E07I199J
2026-06-03 09:41:13 [WARNING] Attenzione: Il numero di componenti fornito (2) non corrisponde a quello effettivo (2). Codice Bonus: 202512304298345 | Codice Fiscale: CTNRMR57S57G377F
2026-06-03 09:41:13 [WARNING] Attenzone i campi ISTAT o CAP non coincido con l'ente selezionato. ISTAT: 083108 | Cap: 95030 | Codice Bonus: 202512304239251 | Codice Fiscale: MLCCML81D29Z112Q
2026-06-03 09:41:14 [WARNING] Attenzione: Il numero di componenti fornito (4) non corrisponde a quello effettivo (4). Codice Bonus: 202512304394126 | Codice Fiscale: SRBSVT62L28I199A
2026-06-03 09:41:14 [WARNING] Attenzione: Il numero di componenti fornito (1) non corrisponde a quello effettivo (1). Codice Bonus: 202512304350434 | Codice Fiscale: SRGNMR59E57F251E
2026-06-03 09:41:14 [WARNING] Attenzione: Il numero di componenti fornito (3) non corrisponde a quello effettivo (3). Codice Bonus: 202512304310672 | Codice Fiscale: FBAGRT98C43F158S
2026-06-03 09:41:14 [WARNING] Attenzione: Il numero di componenti fornito (4) non corrisponde a quello effettivo (4). Codice Bonus: 202512304047237 | Codice Fiscale: SCVNNT84R42C351A
2026-06-03 09:41:14 [WARNING] Attenzione: Il numero di componenti fornito (5) non corrisponde a quello effettivo (5). Codice Bonus: 202512304227537 | Codice Fiscale: RYSCLS96L01Z511I
2026-06-03 09:41:14 [INFO] Elaborazione completata senza errori.
2026-06-03 10:25:57 [INFO] Numero di righe da elaborare: 270
2026-06-03 10:25:57 [WARNING] Attenzione: Il numero di componenti fornito (2) non corrisponde a quello effettivo (2). Codice Bonus: 202512304097692 | Codice Fiscale: TVLMNL89C71F158V
2026-06-03 10:25:58 [WARNING] Attenzione: Il numero di componenti fornito (4) non corrisponde a quello effettivo (4). Codice Bonus: 202512304448947 | Codice Fiscale: CCUNMR72A41F112C
2026-06-03 10:25:58 [WARNING] Attenzione: Il numero di componenti fornito (2) non corrisponde a quello effettivo (2). Codice Bonus: 202512304314144 | Codice Fiscale: FRNRMR94R71I199Y
2026-06-03 10:25:58 [WARNING] Attenzione: Il numero di componenti fornito (2) non corrisponde a quello effettivo (2). Codice Bonus: 202512304316953 | Codice Fiscale: LPDNZT49C60I199T
2026-06-03 10:25:58 [WARNING] Attenzione: Il numero di componenti fornito (1) non corrisponde a quello effettivo (1). Codice Bonus: 202512304058091 | Codice Fiscale: VTLGLI99R53F158A
2026-06-03 10:25:58 [WARNING] Attenzione: Il numero di componenti fornito (2) non corrisponde a quello effettivo (2). Codice Bonus: 202512304050289 | Codice Fiscale: CVLGNN51E21H982F
2026-06-03 10:25:58 [WARNING] Attenzione: Il numero di componenti fornito (1) non corrisponde a quello effettivo (1). Codice Bonus: 202512304141695 | Codice Fiscale: GMMSFO03D65I199C
2026-06-03 10:25:58 [WARNING] Attenzione: Il numero di componenti fornito (2) non corrisponde a quello effettivo (2). Codice Bonus: 202512304285104 | Codice Fiscale: LBBNCT68T66H982L
2026-06-03 10:25:59 [WARNING] Attenzione: Il numero di componenti fornito (2) non corrisponde a quello effettivo (2). Codice Bonus: 202512303918617 | Codice Fiscale: RSCRNI92C51Z129B
2026-06-03 10:25:59 [WARNING] Attenzione: Il numero di componenti fornito (1) non corrisponde a quello effettivo (1). Codice Bonus: 202512304110782 | Codice Fiscale: LSPFNC63D07L840Z
2026-06-03 10:25:59 [WARNING] Attenzione: Il numero di componenti fornito (2) non corrisponde a quello effettivo (2). Codice Bonus: 202512304336267 | Codice Fiscale: PRTNGL69E01B666N
2026-06-03 10:25:59 [WARNING] Attenzione: Il numero di componenti fornito (3) non corrisponde a quello effettivo (3). Codice Bonus: 202512303924814 | Codice Fiscale: MZZNNN70A52B695W
2026-06-03 10:26:00 [WARNING] Attenzione: Il numero di componenti fornito (2) non corrisponde a quello effettivo (2). Codice Bonus: 202512304048276 | Codice Fiscale: PRTWTR92H25G273L
2026-06-03 10:26:00 [WARNING] Attenzione: Il numero di componenti fornito (3) non corrisponde a quello effettivo (3). Codice Bonus: 202512304002511 | Codice Fiscale: HRDVTR85D59Z144G
2026-06-03 10:26:00 [WARNING] Attenzione: Il numero di componenti fornito (3) non corrisponde a quello effettivo (3). Codice Bonus: 202512304279919 | Codice Fiscale: GNLCML75C46I199R
2026-06-03 10:26:00 [WARNING] Attenzione: Il numero di componenti fornito (1) non corrisponde a quello effettivo (1). Codice Bonus: 202512304095467 | Codice Fiscale: LSANNN56B21G377X
2026-06-03 10:26:00 [WARNING] Attenzione: Il numero di componenti fornito (2) non corrisponde a quello effettivo (2). Codice Bonus: 202512304217796 | Codice Fiscale: RMNJSC93L68Z600B
2026-06-03 10:26:01 [WARNING] Attenzione: Il numero di componenti fornito (4) non corrisponde a quello effettivo (4). Codice Bonus: 202512304150044 | Codice Fiscale: SCLMCL67M26I199L
2026-06-03 10:26:01 [WARNING] Attenzione: Il numero di componenti fornito (1) non corrisponde a quello effettivo (1). Codice Bonus: 202512304106269 | Codice Fiscale: DSTCCT71D54B804D
2026-06-03 10:26:01 [WARNING] Attenzione: Il numero di componenti fornito (2) non corrisponde a quello effettivo (2). Codice Bonus: 202512304447493 | Codice Fiscale: SMNTSN71S65I199T
2026-06-03 10:26:01 [WARNING] Attenzione: Il numero di componenti fornito (1) non corrisponde a quello effettivo (1). Codice Bonus: 202512304428624 | Codice Fiscale: SPNFRC84L03I199E
2026-06-03 10:26:01 [WARNING] Attenzione: Il numero di componenti fornito (2) non corrisponde a quello effettivo (2). Codice Bonus: 202512304316904 | Codice Fiscale: NSANGL73L46I199D
2026-06-03 10:26:02 [WARNING] Attenzione: Il numero di componenti fornito (6) non corrisponde a quello effettivo (6). Codice Bonus: 202512304392628 | Codice Fiscale: DBRNTN80E07I199J
2026-06-03 10:26:02 [WARNING] Attenzione: Il numero di componenti fornito (2) non corrisponde a quello effettivo (2). Codice Bonus: 202512304298345 | Codice Fiscale: CTNRMR57S57G377F
2026-06-03 10:26:02 [WARNING] Attenzone i campi ISTAT o CAP non coincido con l'ente selezionato. ISTAT: 083108 | Cap: 95030 | Codice Bonus: 202512304239251 | Codice Fiscale: MLCCML81D29Z112Q
2026-06-03 10:26:02 [WARNING] Attenzione: Il numero di componenti fornito (4) non corrisponde a quello effettivo (4). Codice Bonus: 202512304394126 | Codice Fiscale: SRBSVT62L28I199A
2026-06-03 10:26:02 [WARNING] Attenzione: Il numero di componenti fornito (1) non corrisponde a quello effettivo (1). Codice Bonus: 202512304350434 | Codice Fiscale: SRGNMR59E57F251E
2026-06-03 10:26:03 [WARNING] Attenzione: Il numero di componenti fornito (3) non corrisponde a quello effettivo (3). Codice Bonus: 202512304310672 | Codice Fiscale: FBAGRT98C43F158S
2026-06-03 10:26:03 [WARNING] Attenzione: Il numero di componenti fornito (4) non corrisponde a quello effettivo (4). Codice Bonus: 202512304047237 | Codice Fiscale: SCVNNT84R42C351A
2026-06-03 10:26:03 [WARNING] Attenzione: Il numero di componenti fornito (5) non corrisponde a quello effettivo (5). Codice Bonus: 202512304227537 | Codice Fiscale: RYSCLS96L01Z511I
2026-06-03 10:26:03 [INFO] Elaborazione completata senza errori.
