2025-07-28 17:47:02 [INFO] Nuovo caricamento dati Anagrafe ID ENTE: 1
2025-07-28 17:47:02 [INFO] Numero di righe da caricare: 4523
2025-07-28 17:47:02 [INFO] Elaborazione completata senza errori.
2025-07-28 17:47:02 [INFO] Nessun dichiarante trovato da aggiungere.
2025-07-28 17:47:02 [INFO] Nessun dichiarante trovato da aggiornare.
2025-07-28 17:50:14 [INFO] Nuovo caricamento dati Anagrafe ID ENTE: 1
2025-07-28 17:50:14 [INFO] Numero di righe da caricare: 4523
2025-07-28 17:50:15 [INFO] Elaborazione completata senza errori.
2025-07-28 17:50:15 [INFO] Nessun dichiarante trovato da aggiungere.
2025-07-28 17:50:15 [INFO] Trovati 1 dichiaranti da aggiornare.
2025-07-28 17:54:05 [INFO] Nuovo caricamento dati Anagrafe ID ENTE: 1
2025-07-28 17:54:05 [INFO] Numero di righe da caricare: 4523
2025-07-28 17:54:05 [INFO] Elaborazione completata senza errori.
2025-07-28 17:54:05 [INFO] Nessun dichiarante trovato da aggiungere.
2025-07-28 17:54:05 [INFO] Trovati 1 dichiaranti da aggiornare.
2025-07-28 18:00:36 [INFO] Nuovo caricamento dati Anagrafe ID ENTE: 1
2025-07-28 18:00:36 [INFO] Numero di righe da caricare: 4523
2025-07-28 18:00:37 [INFO] Elaborazione completata senza errori.
2025-07-28 18:00:37 [INFO] Nessun dichiarante trovato da aggiungere.
2025-07-28 18:00:37 [INFO] Trovati 1 dichiaranti da aggiornare.
2025-07-28 18:02:11 [INFO] Nuovo caricamento dati Anagrafe ID ENTE: 1
2025-07-28 18:02:11 [INFO] Numero di righe da caricare: 4523
2025-07-28 18:02:12 [INFO] Elaborazione completata senza errori.
2025-07-28 18:02:12 [INFO] Nessun dichiarante trovato da aggiungere.
2025-07-28 18:02:12 [INFO] Trovati 1 dichiaranti da aggiornare.
2025-07-28 18:04:39 [INFO] Nuovo caricamento dati Anagrafe ID ENTE: 1
2025-07-28 18:04:39 [INFO] Numero di righe da caricare: 4523
2025-07-28 18:04:39 [INFO] Elaborazione completata senza errori.
2025-07-28 18:04:39 [INFO] Nessun dichiarante trovato da aggiungere.
2025-07-28 18:04:39 [INFO] Trovati 1 dichiaranti da aggiornare.
