2025-08-22 10:46:47 [INFO] Nuovo caricamento dati phirana id Ente: 1
2025-08-22 10:46:47 [INFO] Numero di righe da elaborare: 2789 
2025-08-22 10:47:02 [INFO] Errori riscontrati durante l'elaborazione: 1 
2025-08-22 10:47:02 [ERROR] Attenzione: Matricola Contatore mancante, saltata. Riga 780 | Nominativo: D'ANTONI NUNZIO | Codice Fiscale: DNTNNZ63E20H982H
2025-08-22 10:47:02 [INFO] Elaborazione completata senza warning.
2025-08-22 10:47:02 [INFO] Nessun toponimo aggiunto
2025-08-22 10:47:02 [INFO] Nessun toponimo aggiornato!
2025-08-22 10:47:02 [INFO] indirizzi malformati Trovato: 468
2025-08-26 12:20:17 [INFO] Nuovo caricamento dati phirana id Ente: 2
2025-08-26 12:20:17 [INFO] Numero di righe da elaborare: 5708 
2025-08-26 12:20:23 [INFO] Errori riscontrati durante l'elaborazione: 134 
2025-08-26 12:20:23 [ERROR] Attenzione: Matricola Contatore mancante, saltata. Riga 11 | Nominativo: A.S.D. CLUB TYZEN PRES.TE ZIINO TIZIANA | Codice Fiscale: 
2025-08-26 12:20:23 [ERROR] Attenzione: Matricola Contatore mancante, saltata. Riga 40 | Nominativo: ABATE ROSA | Codice Fiscale: BTARSO39L49H380B
2025-08-26 12:20:23 [ERROR] Attenzione: Matricola Contatore mancante, saltata. Riga 80 | Nominativo: AINIS MASSIMO | Codice Fiscale: NSAMSM58S03F158O
2025-08-26 12:20:23 [ERROR] Attenzione: Matricola Contatore mancante, saltata. Riga 81 | Nominativo: AINIS MASSIMO | Codice Fiscale: NSAMSM58S03F158O
2025-08-26 12:20:23 [ERROR] Attenzione: Matricola Contatore mancante, saltata. Riga 103 | Nominativo: ALEAN GROUP SRL AMM.RE FILOCAMO ALESSANDRO | Codice Fiscale: 
2025-08-26 12:20:23 [ERROR] Attenzione: Matricola Contatore mancante, saltata. Riga 206 | Nominativo: AMM.CUCINOTTA FRANCESCA DEL CONDOMINIO ZEUS | Codice Fiscale: 
2025-08-26 12:20:23 [ERROR] Attenzione: Matricola Contatore mancante, saltata. Riga 290 | Nominativo: ANDALORO IMMACOLATA  IVANA | Codice Fiscale: NDLMCL75H51F206U
2025-08-26 12:20:23 [ERROR] Attenzione: Matricola Contatore mancante, saltata. Riga 329 | Nominativo: ARAGONA ALESSIA | Codice Fiscale: RGNLSS02L51F158M
2025-08-26 12:20:23 [ERROR] Attenzione: Indirizzo ubicazione mancante, saltata. | Riga 372 | idAcquedotto : 17252 | Matricola Contatore: 
2025-08-26 12:20:23 [ERROR] Attenzione: Matricola Contatore mancante, saltata. Riga 498 | Nominativo: BAGNATO EUGENIO | Codice Fiscale: BGNGNE52A17F158P
2025-08-26 12:20:23 [ERROR] Attenzione: Matricola Contatore mancante, saltata. Riga 606 | Nominativo: BERTE' GIUSEPPE | Codice Fiscale: BRTGPP59R06A794F
2025-08-26 12:20:23 [ERROR] Attenzione: Matricola Contatore mancante, saltata. Riga 616 | Nominativo: BERTINO ANGELO | Codice Fiscale: BRTNGL54A22L735J
2025-08-26 12:20:23 [ERROR] Attenzione: Matricola Contatore mancante, saltata. Riga 639 | Nominativo: BERTINO GIUSEPPA | Codice Fiscale: BRTGPP87H49F206S
2025-08-26 12:20:23 [ERROR] Attenzione: Matricola Contatore mancante, saltata. Riga 650 | Nominativo: BEVI PIU' SAS DI FAMA' NUNZIO  | Codice Fiscale: 
2025-08-26 12:20:23 [ERROR] Attenzione: Matricola Contatore mancante, saltata. Riga 697 | Nominativo: BONANNO GIUSEPPE | Codice Fiscale: BNNGPP55M19F158O
2025-08-26 12:20:23 [ERROR] Attenzione: Matricola Contatore mancante, saltata. Riga 735 | Nominativo: BONINA DORINA | Codice Fiscale: BNNDRN90H65F158N
2025-08-26 12:20:23 [ERROR] Attenzione: Matricola Contatore mancante, saltata. Riga 820 | Nominativo: BRUNO DARIO | Codice Fiscale: BRNDRA78C06G273O
2025-08-26 12:20:23 [ERROR] Attenzione: Matricola Contatore mancante, saltata. Riga 827 | Nominativo: BUCCAFURRI ANTONINA | Codice Fiscale: BCCNNN73T46F158F
2025-08-26 12:20:23 [ERROR] Attenzione: Matricola Contatore mancante, saltata. Riga 884 | Nominativo: CALVO BRUNO | Codice Fiscale: CLVBRN52H14F158P
2025-08-26 12:20:23 [ERROR] Attenzione: Matricola Contatore mancante, saltata. Riga 926 | Nominativo: CAMPANELLA PIETRA | Codice Fiscale: CMPPTR55R56F158L
2025-08-26 12:20:23 [ERROR] Attenzione: Matricola Contatore mancante, saltata. Riga 1038 | Nominativo: CAPONETTO ANTONIO | Codice Fiscale: CPNNTN54P16E606U
2025-08-26 12:20:23 [ERROR] Attenzione: Matricola Contatore mancante, saltata. Riga 1039 | Nominativo: CAPONETTO ANTONIO | Codice Fiscale: CPNNTN54P16E606U
2025-08-26 12:20:23 [ERROR] Attenzione: Matricola Contatore mancante, saltata. Riga 1104 | Nominativo: CARROZZA GAETANO | Codice Fiscale: CRRGTN54R23H519J
2025-08-26 12:20:23 [ERROR] Attenzione: Tipo Utenza mancante, saltata. | Riga 1116 | idAcquedotto : 18667 | Matricola Contatore: 0120
2025-08-26 12:20:23 [ERROR] Attenzione: Matricola Contatore mancante, saltata. Riga 1185 | Nominativo: CEDRO GIOELE | Codice Fiscale: CDRGLI93H15F158O
2025-08-26 12:20:23 [ERROR] Attenzione: Matricola Contatore mancante, saltata. Riga 1186 | Nominativo: CEDRO GIOELE | Codice Fiscale: CDRGLI93H15F158O
2025-08-26 12:20:23 [ERROR] Attenzione: Matricola Contatore mancante, saltata. Riga 1324 | Nominativo: COND.ZANCLE AVV.GIACOBBE ANGELO | Codice Fiscale: 
2025-08-26 12:20:23 [ERROR] Attenzione: Matricola Contatore mancante, saltata. Riga 1337 | Nominativo: CONDOMINIO RIZZO 2009 AMM.P.T.ANTONINO BRIGUGLIO | Codice Fiscale: 
2025-08-26 12:20:23 [ERROR] Attenzione: Matricola Contatore mancante, saltata. Riga 1455 | Nominativo: COSTANTINO PLACIDO | Codice Fiscale: CSTPCD70H29F206M
2025-08-26 12:20:23 [ERROR] Attenzione: Matricola Contatore mancante, saltata. Riga 1456 | Nominativo: COSTANTINO PLACIDO | Codice Fiscale: CSTPCD70H29F206M
2025-08-26 12:20:23 [ERROR] Attenzione: Matricola Contatore mancante, saltata. Riga 1479 | Nominativo: CRESCENTI ANTONINO | Codice Fiscale: CRSNNN93D26F158B
2025-08-26 12:20:23 [ERROR] Attenzione: Matricola Contatore mancante, saltata. Riga 1497 | Nominativo: CRISAFULLI STEFANIA | Codice Fiscale: CRSSFN77P58F206Y
2025-08-26 12:20:23 [ERROR] Attenzione: Matricola Contatore mancante, saltata. Riga 1578 | Nominativo: CUSUMANO FLAVIA | Codice Fiscale: CSMFLV64T58F206X
2025-08-26 12:20:23 [ERROR] Attenzione: Matricola Contatore mancante, saltata. Riga 1579 | Nominativo: CUSUMANO FLAVIA | Codice Fiscale: CSMFLV64T58F206X
2025-08-26 12:20:23 [ERROR] Attenzione: Matricola Contatore mancante, saltata. Riga 1580 | Nominativo: CUSUMANO FLAVIA | Codice Fiscale: CSMFLV64T58F206X
2025-08-26 12:20:23 [ERROR] Attenzione: Matricola Contatore mancante, saltata. Riga 1613 | Nominativo: D'AMICO DANIELE | Codice Fiscale: DMCDNL65D28L735U
2025-08-26 12:20:23 [ERROR] Attenzione: Matricola Contatore mancante, saltata. Riga 1685 | Nominativo: DE CARLO DOMENICO | Codice Fiscale: DCRDNC75H08F158Z
2025-08-26 12:20:23 [ERROR] Attenzione: Matricola Contatore mancante, saltata. Riga 1718 | Nominativo: DE GAETANO GIUSEPPE | Codice Fiscale: DGTGPP73H13F158V
2025-08-26 12:20:23 [ERROR] Attenzione: Periodo iniziale mancante, saltata. | Riga 1781 | idAcquedotto : 17537 | Matricola Contatore: 7266
2025-08-26 12:20:23 [ERROR] Attenzione: Matricola Contatore mancante, saltata. Riga 1817 | Nominativo: DI DIO MARIA CATENA | Codice Fiscale: DDIMCT69A48F158M
2025-08-26 12:20:23 [ERROR] Attenzione: Matricola Contatore mancante, saltata. Riga 1818 | Nominativo: DI DIO MARIA CATENA | Codice Fiscale: DDIMCT69A48F158M
2025-08-26 12:20:23 [ERROR] Attenzione: Indirizzo ubicazione mancante, saltata. | Riga 1895 | idAcquedotto : 17212 | Matricola Contatore: 
2025-08-26 12:20:23 [ERROR] Attenzione: Matricola Contatore mancante, saltata. Riga 1911 | Nominativo: ENIMOOV S.P.A  | Codice Fiscale: 
2025-08-26 12:20:23 [ERROR] Attenzione: Indirizzo ubicazione mancante, saltata. | Riga 1952 | idAcquedotto : 17522 | Matricola Contatore: 6596
2025-08-26 12:20:23 [ERROR] Attenzione: Matricola Contatore mancante, saltata. Riga 2012 | Nominativo: FELICE FRANCESCO | Codice Fiscale: FLCFNC29A31H519M
2025-08-26 12:20:23 [ERROR] Attenzione: Matricola Contatore mancante, saltata. Riga 2032 | Nominativo: FERRARA ROBERTA | Codice Fiscale: FRRRRT70E48H007A
2025-08-26 12:20:23 [ERROR] Attenzione: Matricola Contatore mancante, saltata. Riga 2055 | Nominativo: FILLORAMO DOMENICA | Codice Fiscale: FLLDNC46C71H380Z
2025-08-26 12:20:23 [ERROR] Attenzione: Matricola Contatore mancante, saltata. Riga 2069 | Nominativo: FIORELLO CARLA RITA | Codice Fiscale: FRLCLR89T57Z602K
2025-08-26 12:20:23 [ERROR] Attenzione: Matricola Contatore mancante, saltata. Riga 2105 | Nominativo: FLORIDIA PIETRO | Codice Fiscale: FLRPTR79T04F206W
2025-08-26 12:20:23 [ERROR] Attenzione: Matricola Contatore mancante, saltata. Riga 2137 | Nominativo: FORMICA DOMENICO | Codice Fiscale: FRMDNC53T25G209U
2025-08-26 12:20:23 [ERROR] Attenzione: Matricola Contatore mancante, saltata. Riga 2175 | Nominativo: FRENO' DOMENICO | Codice Fiscale: FRNDNC15C13F158S
2025-08-26 12:20:23 [ERROR] Attenzione: Matricola Contatore mancante, saltata. Riga 2212 | Nominativo: GALI' AGATA | Codice Fiscale: GLAGTA34E55I881Q
2025-08-26 12:20:23 [ERROR] Attenzione: Matricola Contatore mancante, saltata. Riga 2279 | Nominativo: GEMELLI GRAZIA | Codice Fiscale: GMLGRZ81C67F158R
2025-08-26 12:20:23 [ERROR] Attenzione: Matricola Contatore mancante, saltata. Riga 2283 | Nominativo: GEMMA COSTRUZIONI S.R.L.  | Codice Fiscale: 
2025-08-26 12:20:23 [ERROR] Attenzione: Matricola Contatore mancante, saltata. Riga 2332 | Nominativo: GIACOPELLO GIUSEPPE | Codice Fiscale: GCPGPP83H30F158M
2025-08-26 12:20:23 [ERROR] Attenzione: Matricola Contatore mancante, saltata. Riga 2370 | Nominativo: GIORDANO ANTONINO | Codice Fiscale: GRDNNN91C07F158C
2025-08-26 12:20:23 [ERROR] Attenzione: Matricola Contatore mancante, saltata. Riga 2424 | Nominativo: GIORDANO TINDARO | Codice Fiscale: GRDTDR58D14L735I
2025-08-26 12:20:23 [ERROR] Attenzione: Matricola Contatore mancante, saltata. Riga 2425 | Nominativo: GIORDANO TINDARO | Codice Fiscale: GRDTDR58D14L735I
2025-08-26 12:20:23 [ERROR] Attenzione: Matricola Contatore mancante, saltata. Riga 2426 | Nominativo: GIORDANO TINDARO | Codice Fiscale: GRDTDR58D14L735I
2025-08-26 12:20:23 [ERROR] Attenzione: Matricola Contatore mancante, saltata. Riga 2435 | Nominativo: GIORGIANNI ANTONINO | Codice Fiscale: GRGNNN82L13F206V
2025-08-26 12:20:23 [ERROR] Attenzione: Indirizzo ubicazione mancante, saltata. | Riga 2528 | idAcquedotto : 17425 | Matricola Contatore: 
2025-08-26 12:20:23 [ERROR] Attenzione: Matricola Contatore mancante, saltata. Riga 2535 | Nominativo: GITTO MARIA | Codice Fiscale: GTTMRA55M69L735T
2025-08-26 12:20:23 [ERROR] Attenzione: Matricola Contatore mancante, saltata. Riga 2536 | Nominativo: GITTO MARIA | Codice Fiscale: GTTMRA55M69L735T
2025-08-26 12:20:23 [ERROR] Attenzione: Matricola Contatore mancante, saltata. Riga 2626 | Nominativo: GREGOLETTO ANNA MARIA | Codice Fiscale: GRGNMR46A55L058J
2025-08-26 12:20:23 [ERROR] Attenzione: Matricola Contatore mancante, saltata. Riga 2755 | Nominativo: GUIDO FRANCESCO | Codice Fiscale: GDUFNC44C20F359Q
2025-08-26 12:20:23 [ERROR] Attenzione: Matricola Contatore mancante, saltata. Riga 2768 | Nominativo: GULLOTTI FEDERICA | Codice Fiscale: GLLFRC93S66F158B
2025-08-26 12:20:23 [ERROR] Attenzione: Matricola Contatore mancante, saltata. Riga 2861 | Nominativo: IRRERA LUISA | Codice Fiscale: RRRLSU70M51F158P
2025-08-26 12:20:23 [ERROR] Attenzione: Matricola Contatore mancante, saltata. Riga 2915 | Nominativo: LA FAUCI CARMELO | Codice Fiscale: LFCCML63L14F158C
2025-08-26 12:20:23 [ERROR] Attenzione: Matricola Contatore mancante, saltata. Riga 3081 | Nominativo: LA ROSA ROSA | Codice Fiscale: LRSRSO45E61F158E
2025-08-26 12:20:23 [ERROR] Attenzione: Periodo iniziale mancante, saltata. | Riga 3230 | idAcquedotto : 17532 | Matricola Contatore: 
2025-08-26 12:20:23 [ERROR] Attenzione: Matricola Contatore mancante, saltata. Riga 3251 | Nominativo: LO MUNDO SALVATORE | Codice Fiscale: LMNSVT64A06L735G
2025-08-26 12:20:23 [ERROR] Attenzione: Indirizzo ubicazione mancante, saltata. | Riga 3289 | idAcquedotto : 17400 | Matricola Contatore: 
2025-08-26 12:20:23 [ERROR] Attenzione: Indirizzo ubicazione mancante, saltata. | Riga 3298 | idAcquedotto : 17500 | Matricola Contatore: 3094
2025-08-26 12:20:23 [ERROR] Attenzione: Matricola Contatore mancante, saltata. Riga 3322 | Nominativo: LONGO MARIA | Codice Fiscale: LNGMRA50B60L735M
2025-08-26 12:20:23 [ERROR] Attenzione: Matricola Contatore mancante, saltata. Riga 3341 | Nominativo: LUCA SALVATORE | Codice Fiscale: LCUSVT85H09F158E
2025-08-26 12:20:23 [ERROR] Attenzione: Matricola Contatore mancante, saltata. Riga 3349 | Nominativo: LUCCA CARMELO | Codice Fiscale: LCCCML81D27F158N
2025-08-26 12:20:23 [ERROR] Attenzione: Indirizzo ubicazione mancante, saltata. | Riga 3361 | idAcquedotto : 17523 | Matricola Contatore: 
2025-08-26 12:20:23 [ERROR] Attenzione: Matricola Contatore mancante, saltata. Riga 3444 | Nominativo: MAIO PIETRO | Codice Fiscale: MAIPTR85R20F206N
2025-08-26 12:20:23 [ERROR] Attenzione: Matricola Contatore mancante, saltata. Riga 3482 | Nominativo: MANETTO MARIACHIARA | Codice Fiscale: MNTMCH73B60F158V
2025-08-26 12:20:23 [ERROR] Attenzione: Matricola Contatore mancante, saltata. Riga 3489 | Nominativo: MANGANARO MARIA | Codice Fiscale: MNGMRA72R68F158R
2025-08-26 12:20:23 [ERROR] Attenzione: Matricola Contatore mancante, saltata. Riga 3527 | Nominativo: MARGARECI GIOVANNA | Codice Fiscale: MRGGNN62E51F158T
2025-08-26 12:20:23 [ERROR] Attenzione: Matricola Contatore mancante, saltata. Riga 3616 | Nominativo: MERLINO ANTONINO | Codice Fiscale: MRLNNN50B09F892B
2025-08-26 12:20:23 [ERROR] Attenzione: Matricola Contatore mancante, saltata. Riga 3673 | Nominativo: MESSINA SERAFINA | Codice Fiscale: MSSSFN60M67F158V
2025-08-26 12:20:23 [ERROR] Attenzione: Indirizzo ubicazione mancante, saltata. | Riga 3812 | idAcquedotto : 17497 | Matricola Contatore: 6262
2025-08-26 12:20:23 [ERROR] Attenzione: Matricola Contatore mancante, saltata. Riga 3820 | Nominativo: MORABITO ROSARIO | Codice Fiscale: MRBRSR70C17F158U
2025-08-26 12:20:23 [ERROR] Attenzione: Matricola Contatore mancante, saltata. Riga 3861 | Nominativo: MUSCARA' MARIA ANGELA | Codice Fiscale: MSCMNG59P63F158Q
2025-08-26 12:20:23 [ERROR] Attenzione: Matricola Contatore mancante, saltata. Riga 3862 | Nominativo: MUSCOLINO CONCETTA | Codice Fiscale: MSCCCT64L59F158P
2025-08-26 12:20:23 [ERROR] Attenzione: Matricola Contatore mancante, saltata. Riga 3944 | Nominativo: OLIVO MARIA LUISA | Codice Fiscale: LVOMLS80M50F206I
2025-08-26 12:20:23 [ERROR] Attenzione: Matricola Contatore mancante, saltata. Riga 4094 | Nominativo: PASSARI ANTONINO | Codice Fiscale: PSSNNN59A01F158B
2025-08-26 12:20:23 [ERROR] Attenzione: Matricola Contatore mancante, saltata. Riga 4219 | Nominativo: POLITO ELISABETTA | Codice Fiscale: PLTLBT80R52F206Q
2025-08-26 12:20:23 [ERROR] Attenzione: Matricola Contatore mancante, saltata. Riga 4277 | Nominativo: POLLINO ANDREA | Codice Fiscale: PLLNDR47L06H519C
2025-08-26 12:20:23 [ERROR] Attenzione: Matricola Contatore mancante, saltata. Riga 4358 | Nominativo: PRINCIOTTA MICHELE | Codice Fiscale: PRNMHL78B13F158M
2025-08-26 12:20:23 [ERROR] Attenzione: Matricola Contatore mancante, saltata. Riga 4363 | Nominativo: PRIVITERA LUIGI | Codice Fiscale: PRVLGU92C13F158L
2025-08-26 12:20:23 [ERROR] Attenzione: Matricola Contatore mancante, saltata. Riga 4390 | Nominativo: PUGLISI ROSARIO | Codice Fiscale: PGLRSR77E22F158Y
2025-08-26 12:20:23 [ERROR] Attenzione: Matricola Contatore mancante, saltata. Riga 4391 | Nominativo: PUGLISI ROSARIO | Codice Fiscale: PGLRSR77E22F158Y
2025-08-26 12:20:23 [ERROR] Attenzione: Matricola Contatore mancante, saltata. Riga 4392 | Nominativo: PUGLISI ROSARIO | Codice Fiscale: PGLRSR77E22F158Y
2025-08-26 12:20:23 [ERROR] Attenzione: Matricola Contatore mancante, saltata. Riga 4452 | Nominativo: RANIERI GIUSEPPE | Codice Fiscale: RNRGPP53M09F158H
2025-08-26 12:20:23 [ERROR] Attenzione: Matricola Contatore mancante, saltata. Riga 4453 | Nominativo: RAPPAZZO DOMENICO | Codice Fiscale: RPPDNC63B21F158W
2025-08-26 12:20:23 [ERROR] Attenzione: Matricola Contatore mancante, saltata. Riga 4462 | Nominativo: RAPPRESENTANTE LEGALE A.C.A.V.N. FARSACI CARMELO | Codice Fiscale: RPPFSC55L15I881M
2025-08-26 12:20:23 [ERROR] Attenzione: Indirizzo ubicazione mancante, saltata. | Riga 4539 | idAcquedotto : 17314 | Matricola Contatore: 
2025-08-26 12:20:23 [ERROR] Attenzione: Matricola Contatore mancante, saltata. Riga 4542 | Nominativo: RIZZO FRANCESCO | Codice Fiscale: RZZFNC41D15H519A
2025-08-26 12:20:23 [ERROR] Attenzione: Matricola Contatore mancante, saltata. Riga 4581 | Nominativo: RIZZO PASQUALE | Codice Fiscale: RZZPQL59H12L561H
2025-08-26 12:20:23 [ERROR] Attenzione: Matricola Contatore mancante, saltata. Riga 4595 | Nominativo: RIZZO IMMOBILIARE  | Codice Fiscale: 03586170833
2025-08-26 12:20:23 [ERROR] Attenzione: Matricola Contatore mancante, saltata. Riga 4666 | Nominativo: ROMANO GIUSEPPE | Codice Fiscale: RMNGPP33T04I881C
2025-08-26 12:20:23 [ERROR] Attenzione: Matricola Contatore mancante, saltata. Riga 4667 | Nominativo: ROMANO GIUSEPPE | Codice Fiscale: RMNGPP33T04I881C
2025-08-26 12:20:23 [ERROR] Attenzione: Matricola Contatore mancante, saltata. Riga 4790 | Nominativo: RUSSO EMANUELE | Codice Fiscale: RSSMNL77E19F158J
2025-08-26 12:20:23 [ERROR] Attenzione: Matricola Contatore mancante, saltata. Riga 4882 | Nominativo: SAIJA SALVATORE | Codice Fiscale: SJASVT63T16H519D
2025-08-26 12:20:23 [ERROR] Attenzione: Matricola Contatore mancante, saltata. Riga 4883 | Nominativo: SAIJA SALVATORE | Codice Fiscale: SJASVT63T16H519D
2025-08-26 12:20:23 [ERROR] Attenzione: Matricola Contatore mancante, saltata. Riga 4884 | Nominativo: SAIJA SALVATORE | Codice Fiscale: SJASVT63T16H519D
2025-08-26 12:20:23 [ERROR] Attenzione: Matricola Contatore mancante, saltata. Riga 4895 | Nominativo: SALAMITA DONATELLA | Codice Fiscale: SLMDTL76H45F206V
2025-08-26 12:20:23 [ERROR] Attenzione: Matricola Contatore mancante, saltata. Riga 4901 | Nominativo: SALEMI GIUSEPPA | Codice Fiscale: SLMGPP73P59F158N
2025-08-26 12:20:23 [ERROR] Attenzione: Matricola Contatore mancante, saltata. Riga 4920 | Nominativo: SANTAGATA THOMAS FRANCESCO HENRI | Codice Fiscale: SNTTMS81T27Z103X
2025-08-26 12:20:23 [ERROR] Attenzione: Matricola Contatore mancante, saltata. Riga 4925 | Nominativo: SANTAMARIA DEBORA | Codice Fiscale: SNTDBR92P51F158P
2025-08-26 12:20:23 [ERROR] Attenzione: Matricola Contatore mancante, saltata. Riga 4948 | Nominativo: SANTORO GIOVANNI PAOLO | Codice Fiscale: SNTGNN65L02Z110E
2025-08-26 12:20:23 [ERROR] Attenzione: Matricola Contatore mancante, saltata. Riga 4998 | Nominativo: SAYA GIUSEPPE | Codice Fiscale: SYAGPP70L07F158Y
2025-08-26 12:20:23 [ERROR] Attenzione: Matricola Contatore mancante, saltata. Riga 5074 | Nominativo: SCIMONE PIETRO TINDARO | Codice Fiscale: SCMPRT80D20F206Y
2025-08-26 12:20:23 [ERROR] Attenzione: Matricola Contatore mancante, saltata. Riga 5075 | Nominativo: SCIMONE PIETRO TINDARO | Codice Fiscale: SCMPRT80D20F206Y
2025-08-26 12:20:23 [ERROR] Attenzione: Matricola Contatore mancante, saltata. Riga 5084 | Nominativo: SCIUTTERI GABRIELE | Codice Fiscale: SCTGRL84E03F158R
2025-08-26 12:20:23 [ERROR] Attenzione: Matricola Contatore mancante, saltata. Riga 5116 | Nominativo: SIDOTI CONCETTA | Codice Fiscale: SDTCCT61R48F158B
2025-08-26 12:20:23 [ERROR] Attenzione: Matricola Contatore mancante, saltata. Riga 5249 | Nominativo: SOFIA MARIA | Codice Fiscale: SFOMRA76B47F158R
2025-08-26 12:20:23 [ERROR] Attenzione: Matricola Contatore mancante, saltata. Riga 5257 | Nominativo: SORRENTI ANTONINA | Codice Fiscale: SRRNNN56B56F158V
2025-08-26 12:20:23 [ERROR] Attenzione: Matricola Contatore mancante, saltata. Riga 5272 | Nominativo: SPADAFORA MARGHERITA | Codice Fiscale: SPDMGH68P55G273H
2025-08-26 12:20:23 [ERROR] Attenzione: Matricola Contatore mancante, saltata. Riga 5292 | Nominativo: SPADARO FRANCESCO | Codice Fiscale: SPDFNC83D27F206E
2025-08-26 12:20:23 [ERROR] Attenzione: Matricola Contatore mancante, saltata. Riga 5293 | Nominativo: SPADARO FRANCESCO | Codice Fiscale: SPDFNC83D27F206E
2025-08-26 12:20:23 [ERROR] Attenzione: Matricola Contatore mancante, saltata. Riga 5314 | Nominativo: SPINNATO GIUSEPPE | Codice Fiscale: SPNGPP59P15F206F
2025-08-26 12:20:23 [ERROR] Attenzione: Matricola Contatore mancante, saltata. Riga 5327 | Nominativo: SQUADRITO RICCARDO | Codice Fiscale: SQDRCR87E31F158L
2025-08-26 12:20:23 [ERROR] Attenzione: Indirizzo ubicazione mancante, saltata. | Riga 5374 | idAcquedotto : 17402 | Matricola Contatore: 
2025-08-26 12:20:23 [ERROR] Attenzione: Matricola Contatore mancante, saltata. Riga 5396 | Nominativo: TODARO FRANCESCO | Codice Fiscale: TDRFNC01B20F158I
2025-08-26 12:20:23 [ERROR] Attenzione: Matricola Contatore mancante, saltata. Riga 5514 | Nominativo: UDDIN JASHIM | Codice Fiscale: DDNJHM69D02Z249D
2025-08-26 12:20:23 [ERROR] Attenzione: Matricola Contatore mancante, saltata. Riga 5589 | Nominativo: VERDURA SAMUELE | Codice Fiscale: VRDSML00E26F158H
2025-08-26 12:20:23 [ERROR] Attenzione: Matricola Contatore mancante, saltata. Riga 5600 | Nominativo: VEZZOSI MARIA GRAZIA | Codice Fiscale: VZZMGR78A50F158H
2025-08-26 12:20:23 [ERROR] Attenzione: Tipo Utenza mancante, saltata. | Riga 5646 | idAcquedotto : 19005 | Matricola Contatore: 0120
2025-08-26 12:20:23 [ERROR] Attenzione: Matricola Contatore mancante, saltata. Riga 5662 | Nominativo: WHITE MOON S.R.L.S. SINDONI ANTONINO | Codice Fiscale: 
2025-08-26 12:20:23 [ERROR] Attenzione: Matricola Contatore mancante, saltata. Riga 5695 | Nominativo: ZODDA CRISTINA | Codice Fiscale: ZDDCST79L63F206E
2025-08-26 12:20:23 [INFO] Elaborazione completata senza warning.
2025-08-26 12:20:23 [INFO] Numero di Toponimi Aggiunti: 133
2025-08-26 12:20:23 [INFO] Nessun toponimo aggiornato!
2025-08-26 12:20:23 [INFO] Non sono stati riscontrati indirizzi mal formati!
