2025-08-21 09:44:04 [INFO] Sono dentro la pagina Dettails. IdEnte: 1 | Data 20/08/2025 00:00:00
2025-08-21 09:44:04 [INFO] Caso 2: data Non null
2025-08-21 09:44:04 [INFO] Dati: ViewBag.SelectedEnteId: 1 | ViewBag.Data: 20/08/2025 00:00:00 | ViewBag.SelectedEnteNome TORRENOVA
2025-08-21 09:44:07 [INFO] Sono dentro la pagina VariaSerie.
2025-08-21 09:44:07 [INFO] IdEnte: 1, IdAto: 1903
2025-08-21 09:56:23 [INFO] Sono dentro la pagina Dettails. IdEnte: 1 | Data 20/08/2025 00:00:00
2025-08-21 09:56:23 [INFO] Caso 2: data Non null
2025-08-21 09:56:23 [INFO] Dati: ViewBag.SelectedEnteId: 1 | ViewBag.Data: 20/08/2025 00:00:00 | ViewBag.SelectedEnteNome TORRENOVA
2025-08-21 09:56:26 [INFO] Sono dentro la pagina VariaSerie.
2025-08-21 09:56:26 [INFO] IdEnte: 1, IdAto: 1903
2025-08-21 09:57:34 [INFO] Sono dentro la pagina Dettails. IdEnte: 1 | Data 20/08/2025 00:00:00
2025-08-21 09:57:34 [INFO] Caso 2: data Non null
2025-08-21 09:57:34 [INFO] Dati: ViewBag.SelectedEnteId: 1 | ViewBag.Data: 20/08/2025 00:00:00 | ViewBag.SelectedEnteNome TORRENOVA
2025-08-21 09:57:36 [INFO] Sono dentro la pagina VariaSerie.
2025-08-21 09:57:36 [INFO] IdEnte: 1, IdAto: 1903
2025-08-21 09:57:42 [INFO] Sono dentro la funzione UpdateSerie.
2025-08-21 09:57:42 [INFO] Dati ricevuti: Id Ente: 1 | idAto 1903 | Serie 0
2025-08-21 09:58:02 [INFO] Sono dentro la pagina Dettails. IdEnte: 1 | Data 20/08/2025 00:00:00
2025-08-21 09:58:02 [INFO] Caso 2: data Non null
2025-08-21 09:58:02 [INFO] Dati: ViewBag.SelectedEnteId: 1 | ViewBag.Data: 20/08/2025 00:00:00 | ViewBag.SelectedEnteNome TORRENOVA
2025-08-21 09:58:28 [INFO] Sono dentro la pagina VariaSerie.
2025-08-21 09:58:28 [INFO] IdEnte: 1, IdAto: 1903
2025-08-21 10:10:33 [INFO] Sono dentro la pagina Dettails. IdEnte: 1 | Data: 20/08/2025 00:00:00 | idAto: 
2025-08-21 10:10:33 [INFO] Dati recuperati: EnteId=1, Data=20/08/2025 00:00:00, EnteNome=TORRENOVA
2025-08-21 10:10:38 [INFO] Sono dentro la pagina VariaSerie.
2025-08-21 10:10:38 [INFO] IdEnte: 1, IdAto: 1903
