2025-11-07 11:52:30 [INFO] Primo utente ADMIN creato 
2025-11-07 11:52:39 [INFO] Utente logato: Admin 2025-11-07 11:54:26 [INFO] Utente logato: Admin 
2025-11-07 11:57:33 [INFO] Nuovo utente creato: Maio Luca con ruolo 2 da parte di Admin
2025-11-07 11:59:08 [INFO] Utente logato: Admin 
2025-11-07 11:59:30 [INFO] Utente disconesso: Admin 
2025-11-07 11:59:40 [INFO] Utente logato: Maio Luca 
2025-11-07 11:59:46 [INFO] Utente disconesso: Maio Luca 
2025-11-07 12:22:15 [INFO] Utente logato: Maio Luca 
2025-11-07 12:27:08 [INFO] Utente logato: Maio Luca 
2025-11-07 12:27:26 [INFO] Utente disconesso: Maio Luca 
2025-11-07 12:27:43 [INFO] Utente logato: Admin 
2025-11-07 12:29:57 [INFO] Utente logato: Admin 
2025-11-07 12:30:39 [INFO] Utente disconesso: Admin 
2025-11-07 12:30:50 [INFO] Utente logato: Maio Luca 
2025-11-07 12:31:19 [INFO] Utente disconesso: Maio Luca 
2025-11-07 12:33:54 [INFO] Utente logato: Maio Luca 
2025-11-07 12:37:16 [INFO] Utente logato: Maio Luca 
2025-11-07 12:39:58 [INFO] Utente logato: Maio Luca 
2025-11-07 12:40:28 [INFO] Utente disconesso: Maio Luca 
2025-11-07 12:40:40 [INFO] Utente logato: Maio Luca 
2025-11-07 12:44:48 [INFO] Utente disconesso: Maio Luca 
2025-11-07 12:44:57 [INFO] Utente logato: Admin 
2025-11-07 12:56:25 [INFO] Utente logato: Maio Luca 
2025-11-11 08:47:09 [INFO] Utente logato: Admin 
2025-11-11 09:29:12 [INFO] Utente logato: Admin 
2025-11-11 09:33:44 [INFO] Utente logato: Admin 
2025-11-11 09:36:15 [INFO] Utente logato: Admin 
2025-11-11 09:39:58 [INFO] Utente logato: Maio Luca 
2025-11-11 09:56:05 [INFO] Utente logato: Admin 
2025-11-11 09:59:21 [INFO] Utente logato: Maio Luca 
2025-11-11 10:02:06 [INFO] Utente logato: Admin 
2025-11-11 10:02:57 [INFO] Utente logato: Admin 
2025-11-11 10:09:15 [INFO] Utente logato: Maio Luca 
2025-11-11 10:11:43 [INFO] Utente logato: Maio Luca 
2025-11-11 10:13:26 [INFO] Utente logato: Maio Luca 
2025-11-11 10:14:27 [INFO] Utente logato: Maio Luca 
2025-11-11 10:16:11 [INFO] Utente logato: Maio Luca 
2025-11-11 10:18:12 [INFO] Utente logato: Maio Luca 
2025-11-11 10:20:52 [INFO] Utente logato: Maio Luca 
2025-11-11 10:22:50 [INFO] Utente logato: Maio Luca 
2025-11-11 10:23:46 [INFO] Utente logato: Maio Luca 
2025-11-11 10:25:32 [INFO] Utente logato: Maio Luca 
2025-11-11 10:27:28 [INFO] Utente logato: Maio Luca 
2025-11-11 10:28:21 [INFO] Utente logato: Maio Luca 
2025-11-11 10:32:37 [INFO] Utente logato: Maio Luca 
2025-11-11 10:42:03 [INFO] Utente logato: Maio Luca 
2025-11-11 11:13:53 [INFO] Utente logato: Maio Luca 
2025-11-11 11:21:32 [INFO] Utente logato: Maio Luca 
2025-11-11 11:22:37 [INFO] Utente logato: Maio Luca 
2025-11-11 11:38:53 [INFO] Utente logato: Maio Luca 
2025-11-11 11:43:44 [INFO] Utente logato: Maio Luca 
2025-11-11 11:56:30 [INFO] Utente logato: Maio Luca 
2025-11-11 12:06:20 [INFO] Utente logato: Maio Luca 
2025-11-11 12:08:03 [INFO] Utente logato: Maio Luca 
2025-11-11 12:09:33 [INFO] Utente logato: Maio Luca 
2025-11-11 12:28:50 [INFO] Utente logato: Maio Luca 
2025-11-11 12:34:23 [INFO] Utente logato: Maio Luca 
2025-11-11 12:36:34 [INFO] Utente logato: Maio Luca 
2025-11-11 12:37:52 [INFO] Utente logato: Maio Luca 
2025-11-11 12:48:24 [INFO] Utente logato: Maio Luca 
2025-11-11 15:26:10 [INFO] Utente logato: Admin 
2025-11-11 16:17:12 [INFO] Utente logato: Admin 
2025-11-11 16:20:58 [INFO] Utente logato: Maio Luca 
2025-11-11 16:21:07 [INFO] Utente disconesso: Maio Luca 
2025-11-11 16:21:12 [INFO] Utente logato: Admin 
2025-11-11 16:27:44 [INFO] Utente logato: Maio Luca 
2025-11-11 16:27:50 [INFO] Utente disconesso: Maio Luca 
2025-11-11 16:27:58 [INFO] Utente logato: Admin 
2025-11-11 16:29:40 [INFO] Utente logato: Maio Luca 
2025-11-11 16:31:30 [INFO] Utente disconesso: Maio Luca 
2025-11-11 16:31:37 [INFO] Utente logato: Admin 
2025-11-11 16:58:45 [INFO] Utente logato: Admin 
2025-11-11 17:04:58 [INFO] Utente logato: Maio Luca 
2025-11-11 17:09:04 [INFO] Utente logato: Maio Luca 
2025-11-11 17:11:34 [INFO] Utente logato: Maio Luca 
2025-11-11 17:12:38 [INFO] Utente logato: Maio Luca 
2025-11-11 17:31:12 [INFO] Utente logato: Maio Luca 
2025-11-11 17:33:22 [INFO] Utente logato: Admin 
2025-11-11 17:35:29 [INFO] Utente logato: Admin 
2025-11-11 17:36:10 [INFO] Utente logato: Maio Luca 
2025-11-11 17:46:05 [INFO] Utente logato: Admin 
2025-11-11 17:52:02 [WARNING] Utente non autorizzato ad accedere a questa pagina. Ha invocato la pagina di selezione ente per la gestione toponimi.
2025-11-11 17:52:11 [INFO] Utente logato: Maio Luca 
2025-11-11 17:53:46 [INFO] Utente logato: Maio Luca 
2025-11-11 17:55:47 [INFO] Utente logato: Admin 
2026-02-04 11:28:15 [INFO] Utente logato: Admin 
2026-02-04 11:38:01 [INFO] Utente logato: Admin 
2026-02-04 12:00:57 [INFO] Utente logato: Admin 
2026-02-04 12:05:12 [INFO] Utente logato: Admin 
2026-02-04 12:08:39 [INFO] Utente logato: Admin 
2026-02-04 12:15:53 [INFO] Utente logato: Admin 
2026-02-06 12:30:43 [INFO] Utente logato: Admin 
2026-06-01 08:44:22 [INFO] Utente logato: Admin 
2026-06-01 09:34:51 [INFO] Utente logato: Admin 
2026-06-01 10:30:42 [INFO] Utente logato: Admin 
2026-06-01 10:36:31 [INFO] Utente logato: Admin 
2026-06-01 10:44:29 [INFO] L'utente Admin ha effetuato un nuova elaborazione del file csv del INPS per l'ente 1
2026-06-01 10:47:53 [INFO] L'utente Admin ha effetuato un nuova elaborazione del file csv del INPS per l'ente 1
2026-06-01 10:55:07 [INFO] Utente logato: Admin 
2026-06-01 11:01:51 [INFO] Utente logato: Admin 
2026-06-01 11:07:20 [WARNING] Utente non autorizzato ad accedere alla pagina di dettagli account.
2026-06-01 11:08:02 [INFO] Utente logato: Admin 
2026-06-01 11:09:23 [INFO] Utente logato: Admin 
2026-06-01 11:20:40 [INFO] Utente logato: Admin 
2026-06-01 11:20:56 [INFO] Utente disconesso: Admin 
2026-06-01 11:21:06 [INFO] Utente logato: Maio Luca 
2026-06-01 11:21:48 [INFO] Utente disconesso: Maio Luca 
2026-06-01 11:22:04 [INFO] Utente logato: Admin 
2026-06-01 11:25:16 [INFO] Utente logato: Pointservice 
2026-06-01 11:28:52 [INFO] L'utente Pointservice ha effetuato un nuova elaborazione del file csv del INPS per l'ente 1
2026-06-01 15:24:43 [INFO] Utente logato: Pointservice 
2026-06-01 15:31:31 [INFO] Utente logato: Pointservice 
2026-06-01 15:34:21 [INFO] Utente logato: Pointservice 
2026-06-01 15:42:34 [INFO] Utente logato: Pointservice 
2026-06-03 08:36:13 [INFO] Utente logato: Pointservice 
2026-06-03 09:04:47 [INFO] L'Utente Pointservice ha scaricato il file 01345160830_BID_202511_EBI_20260603090447_1.csv relativo al report ID 1
2026-06-03 09:04:50 [INFO] L'Utente Pointservice ha scaricato il file 01345160830_BID_202511_EBI_20260603090450_1.csv relativo al report ID 1
2026-06-03 09:04:54 [INFO] L'Utente Pointservice ha scaricato il file Debug Domande TORRENOVA del 20260603090454.csv relativo al report ID 1
2026-06-03 09:32:51 [INFO] Utente logato: Pointservice 
2026-06-03 09:40:12 [INFO] Utente logato: Pointservice 
2026-06-03 09:41:14 [INFO] L'utente Pointservice ha effetuato un nuova elaborazione del file csv del INPS per l'ente 1
2026-06-03 09:41:57 [INFO] L'Utente Pointservice ha scaricato il file 01345160830_BID_202606_EBI_20260603094157_1.csv relativo al report ID 5
2026-06-03 09:49:16 [WARNING] Utente non autorizzato ad accedere alla pagina di visualizzazione domande. Ha tentato di visualizzare il report ID 5
2026-06-03 09:54:53 [INFO] Utente logato: Pointservice 
2026-06-03 09:55:40 [WARNING] Utente non autorizzato ad accedere alla pagina di visualizzazione domande. Ha tentato di visualizzare il report ID 5
2026-06-03 09:56:00 [INFO] Utente logato: Pointservice 
2026-06-03 10:09:28 [INFO] L'Utente Pointservice ha scaricato il file Domande Incongruenti TORRENOVA del 20260603100928.csv relativo al report ID 5
2026-06-03 10:25:03 [WARNING] Utente non autorizzato ad accedere alla pagina di visualizzazione domande. Ha tentato di visualizzare il report ID 5
2026-06-03 10:25:16 [INFO] Utente logato: Pointservice 
2026-06-03 10:25:41 [INFO] L'Utente Pointservice ha modificato lo stato del report ID 5 in Annullato
2026-06-03 10:26:03 [INFO] L'utente Pointservice ha effetuato un nuova elaborazione del file csv del INPS per l'ente 1
2026-06-03 10:26:26 [INFO] L'Utente Pointservice ha modificato lo stato del report ID 5 in Approvato
2026-06-03 10:26:40 [INFO] L'Utente Pointservice ha scaricato il file Domande Incongruenti TORRENOVA del 20260603102640.csv relativo al report ID 5
2026-06-03 10:31:54 [INFO] L'Utente Pointservice ha scaricato il file 01345160830_BID_202606_EBI_20260603103154_1.csv relativo al report ID 5
2026-06-03 10:31:58 [INFO] L'Utente Pointservice ha scaricato il file 01345160830_BID_202606_ECT_20260603103158_1.csv relativo al report ID 5
2026-06-03 12:52:57 [WARNING] Utente non autorizzato ad accedere alla pagina di visualizzazione domande. Ha tentato di visualizzare il report ID 5
2026-06-03 12:53:05 [INFO] Utente logato: Pointservice 
2026-06-03 15:13:11 [INFO] Utente logato: Pointservice 
